#
# There is insufficient memory for the Java Runtime Environment to continue.
# Native memory allocation (mmap) failed to map 266338304 bytes for Failed to commit area from 0x0000000702600000 to 0x0000000712400000 of length 266338304.
# Possible reasons:
#   The system is out of physical RAM or swap space
#   The process is running with CompressedOops enabled, and the Java Heap may be blocking the growth of the native heap
# Possible solutions:
#   Reduce memory load on the system
#   Increase physical memory or swap space
#   Check if swap backing store is full
#   Decrease Java heap size (-Xmx/-Xms)
   Decrease number of Java threads
#   Decrease Java thread stack sizes (-Xss)
#   Set larger code cache with -XX:ReservedCodeCacheSize=
# This output file may be truncated or incomplete.
#
#  Out of Memory Error (c:/BuildAgent/work/5ff2f6c26000d570/src/hotspot/os/windows/os_windows.cpp:3291), pid=14124, tid=7228
#
# JRE version:  (11.0.5+10) (build )
# Java VM: OpenJDK 64-Bit Server VM (11.0.5+10-b520.38, mixed mode, aot, sharing, tiered, compressed oops, g1 gc, windows-amd64)
# No core dump will be written. Minidumps are not enabled by default on client versions of Windows
#

---------------  S U M M A R Y ------------

Command Line: org.jetbrains.git4idea.http.GitAskPassApp Username for 'https://github.com': 

Host: Intel(R) Core(TM) i7-4790K CPU @ 4.00GHz, 8 cores, 15G,  Windows 10 , 64 bit Build 18362 (10.0.18362.1350)
Time: Tue Mar 23 05:17:32 2021 Eastern Daylight Time elapsed time: 0 seconds (0d 0h 0m 0s)

---------------  T H R E A D  ---------------

Current thread (0x0000022edad7b800):  JavaThread "Unknown thread" [_thread_in_vm, id=7228, stack(0x000000d67df00000,0x000000d67e000000)]

Stack: [0x000000d67df00000,0x000000d67e000000]
Native frames: (J=compiled Java code, j=interpreted, Vv=VM code, C=native code)
V  [jvm.dll+0x5dcafa]
V  [jvm.dll+0x70e375]
V  [jvm.dll+0x70f898]
V  [jvm.dll+0x70ff63]
V  [jvm.dll+0x23e238]
V  [jvm.dll+0x5da1c4]
V  [jvm.dll+0x5cf265]
V  [jvm.dll+0x2fac3b]
V  [jvm.dll+0x2fabaa]
V  [jvm.dll+0x2faa82]
V  [jvm.dll+0x2ff956]
V  [jvm.dll+0x3480d3]
V  [jvm.dll+0x3487d6]
V  [jvm.dll+0x3481d3]
V  [jvm.dll+0x2d5548]
V  [jvm.dll+0x2d66e7]
V  [jvm.dll+0x6ed237]
V  [jvm.dll+0x6eea2c]
V  [jvm.dll+0x355849]
V  [jvm.dll+0x6d239e]
V  [jvm.dll+0x3be283]
V  [jvm.dll+0x3c0701]
C  [jli.dll+0x5363]
C  [ucrtbase.dll+0x210b2]
C  [KERNEL32.DLL+0x17c24]
C  [ntdll.dll+0x6d721]


---------------  P R O C E S S  ---------------

Threads class SMR info:
_java_thread_list=0x0000022edac76d20, length=0, elements={
}

Java Threads: ( => current thread )

Other Threads:
  0x0000022edad93000 GCTaskThread "GC Thread#0" [stack: 0x000000d67e000000,0x000000d67e100000] [id=4012]
  0x0000022edadf1800 ConcurrentGCThread "G1 Main Marker" [stack: 0x000000d67e100000,0x000000d67e200000] [id=6672]
  0x0000022edadf3000 ConcurrentGCThread "G1 Conc#0" [stack: 0x000000d67e200000,0x000000d67e300000] [id=13648]

[error occurred during error reporting (printing all threads), id 0xc0000005, EXCEPTION_ACCESS_VIOLATION (0xc0000005) at pc=0x00007ffcda8b5c17]

VM state:not at safepoint (not fully initialized)

VM Mutex/Monitor currently owned by a thread:  ([mutex/lock_event])
[0x0000022edad77470] Heap_lock - owner thread: 0x0000022edad7b800

Heap address: 0x0000000702600000, size: 4058 MB, Compressed Oops mode: Non-zero based: 0x0000000702600000
Narrow klass base: 0x0000000000000000, Narrow klass shift: 0

GC Heap History (0 events):
No events

Deoptimization events (0 events):
No events

Classes redefined (0 events):
No events

Internal exceptions (0 events):
No events

Events (0 events):
No events


Dynamic libraries:
0x00007ff7681c0000 - 0x00007ff7681ca000 	D:\IntelliJ IDEA Community Edition 2019.3.3\jbr\bin\java.exe
0x00007ffd28340000 - 0x00007ffd28530000 	C:\WINDOWS\SYSTEM32\ntdll.dll
0x00007ffd26850000 - 0x00007ffd26902000 	C:\WINDOWS\System32\KERNEL32.DLL
0x00007ffd25520000 - 0x00007ffd257c5000 	C:\WINDOWS\System32\KERNELBASE.dll
0x00007ffd25330000 - 0x00007ffd2542a000 	C:\WINDOWS\System32\ucrtbase.dll
0x00007ffcfd870000 - 0x00007ffcfd887000 	D:\IntelliJ IDEA Community Edition 2019.3.3\jbr\bin\VCRUNTIME140.dll
0x00007ffcfbca0000 - 0x00007ffcfbcb9000 	D:\IntelliJ IDEA Community Edition 2019.3.3\jbr\bin\jli.dll
0x00007ffd26a90000 - 0x00007ffd26c24000 	C:\WINDOWS\System32\USER32.dll
0x00007ffd25430000 - 0x00007ffd25451000 	C:\WINDOWS\System32\win32u.dll
0x00007ffd264f0000 - 0x00007ffd26516000 	C:\WINDOWS\System32\GDI32.dll
0x00007ffd1ad60000 - 0x00007ffd1afe4000 	C:\WINDOWS\WinSxS\amd64_microsoft.windows.common-controls_6595b64144ccf1df_6.0.18362.1440_none_9e7dbfb9e45e8e67\COMCTL32.dll
0x00007ffd25930000 - 0x00007ffd25ac8000 	C:\WINDOWS\System32\gdi32full.dll
0x00007ffd27330000 - 0x00007ffd273ce000 	C:\WINDOWS\System32\msvcrt.dll
0x00007ffd25460000 - 0x00007ffd254fe000 	C:\WINDOWS\System32\msvcp_win.dll
0x00007ffd27760000 - 0x00007ffd27a96000 	C:\WINDOWS\System32\combase.dll
0x00007ffd281e0000 - 0x00007ffd282ff000 	C:\WINDOWS\System32\RPCRT4.dll
0x00007ffd25bb0000 - 0x00007ffd25c31000 	C:\WINDOWS\System32\bcryptPrimitives.dll
0x00007ffd26520000 - 0x00007ffd2654e000 	C:\WINDOWS\System32\IMM32.DLL
0x00007ffcf2a30000 - 0x00007ffcf2acd000 	D:\IntelliJ IDEA Community Edition 2019.3.3\jbr\bin\msvcp140.dll
0x00007ffcda5d0000 - 0x00007ffcdb08b000 	D:\IntelliJ IDEA Community Edition 2019.3.3\jbr\bin\server\jvm.dll
0x00007ffd273d0000 - 0x00007ffd27473000 	C:\WINDOWS\System32\ADVAPI32.dll
0x00007ffd26560000 - 0x00007ffd265f7000 	C:\WINDOWS\System32\sechost.dll
0x00007ffd26c30000 - 0x00007ffd26c38000 	C:\WINDOWS\System32\PSAPI.DLL
0x00007ffd21140000 - 0x00007ffd21149000 	C:\WINDOWS\SYSTEM32\WSOCK32.dll
0x00007ffd26680000 - 0x00007ffd266ef000 	C:\WINDOWS\System32\WS2_32.dll
0x00007ffd22910000 - 0x00007ffd22934000 	C:\WINDOWS\SYSTEM32\WINMM.dll
0x00007ffd1f1d0000 - 0x00007ffd1f1da000 	C:\WINDOWS\SYSTEM32\VERSION.dll
0x00007ffd22700000 - 0x00007ffd2272d000 	C:\WINDOWS\SYSTEM32\WINMMBASE.dll
0x00007ffd25b00000 - 0x00007ffd25b4a000 	C:\WINDOWS\System32\cfgmgr32.dll
0x00007ffd25280000 - 0x00007ffd25291000 	C:\WINDOWS\System32\kernel.appcore.dll
0x00007ffcfeb00000 - 0x00007ffcfeb11000 	D:\IntelliJ IDEA Community Edition 2019.3.3\jbr\bin\verify.dll
0x00007ffd23c40000 - 0x00007ffd23e34000 	C:\WINDOWS\SYSTEM32\DBGHELP.DLL
0x00007ffd02e50000 - 0x00007ffd02e7a000 	C:\WINDOWS\SYSTEM32\dbgcore.DLL
0x00007ffcfe950000 - 0x00007ffcfe979000 	D:\IntelliJ IDEA Community Edition 2019.3.3\jbr\bin\java.dll
0x00007ffcfdde0000 - 0x00007ffcfddf7000 	D:\IntelliJ IDEA Community Edition 2019.3.3\jbr\bin\zip.dll
0x00007ffd1ca20000 - 0x00007ffd1ca2b000 	D:\IntelliJ IDEA Community Edition 2019.3.3\jbr\bin\jimage.dll

dbghelp: loaded successfully - version: 4.0.5 - missing functions: none
symbol engine: initialized successfully - sym options: 0x614 - pdb path: .;D:\IntelliJ IDEA Community Edition 2019.3.3\jbr\bin;C:\WINDOWS\SYSTEM32;C:\WINDOWS\WinSxS\amd64_microsoft.windows.common-controls_6595b64144ccf1df_6.0.18362.1440_none_9e7dbfb9e45e8e67;D:\IntelliJ IDEA Community Edition 2019.3.3\jbr\bin\server

VM Arguments:
java_command: org.jetbrains.git4idea.http.GitAskPassApp Username for 'https://github.com': 
java_class_path (initial): D:/IntelliJ IDEA Community Edition 2019.3.3/plugins/git4idea/lib/git4idea-rt.jar;D:/IntelliJ IDEA Community Edition 2019.3.3/lib/xmlrpc-2.0.1.jar;D:/IntelliJ IDEA Community Edition 2019.3.3/lib/commons-codec-1.13.jar;D:/IntelliJ IDEA Community Edition 2019.3.3/lib/util.jar
Launcher Type: SUN_STANDARD

[Global flags]
     intx CICompilerCount                          = 4                                         {product} {ergonomic}
     uint ConcGCThreads                            = 2                                         {product} {ergonomic}
     uint G1ConcRefinementThreads                  = 8                                         {product} {ergonomic}
   size_t G1HeapRegionSize                         = 1048576                                   {product} {ergonomic}
    uintx GCDrainStackTargetSize                   = 64                                        {product} {ergonomic}
   size_t InitialHeapSize                          = 266338304                                 {product} {ergonomic}
   size_t MarkStackSize                            = 4194304                                   {product} {ergonomic}
   size_t MaxHeapSize                              = 4255121408                                {product} {ergonomic}
   size_t MinHeapDeltaBytes                        = 1048576                                   {product} {ergonomic}
    uintx NonNMethodCodeHeapSize                   = 5836300                                {pd product} {ergonomic}
    uintx NonProfiledCodeHeapSize                  = 122910970                              {pd product} {ergonomic}
    uintx ProfiledCodeHeapSize                     = 122910970                              {pd product} {ergonomic}
    uintx ReservedCodeCacheSize                    = 251658240                              {pd product} {ergonomic}
     bool SegmentedCodeCache                       = true                                      {product} {ergonomic}
     bool UseCompressedClassPointers               = true                                 {lp64_product} {ergonomic}
     bool UseCompressedOops                        = true                                 {lp64_product} {ergonomic}
     bool UseG1GC                                  = true                                      {product} {ergonomic}
     bool UseLargePagesIndividualAllocation        = false                                  {pd product} {ergonomic}

Logging:
Log output configuration:
 #0: stdout all=warning uptime,level,tags
 #1: stderr all=off uptime,level,tags

Environment Variables:
JAVA_HOME=C:\Program Files\Java\jdk1.8.0_281
PATH=F:\Git\mingw64\libexec\git-core;F:\Git\mingw64\libexec\git-core;F:\Git\mingw64\bin;F:\Git\usr\bin;C:\Users\Alex\bin;C:\Program Files (x86)\Razer\ChromaBroadcast\bin;C:\Program Files\Razer\ChromaBroadcast\bin;C:\Program Files (x86)\Common Files\Oracle\Java\javapath;C:\Program Files (x86)\Razer Chroma SDK\bin;C:\Program Files\Razer Chroma SDK\bin;C:\ProgramData\Oracle\Java\javapath;C:\Windows\system32;C:\Windows;C:\Windows\System32\Wbem;C:\Windows\System32\WindowsPowerShell\v1.0;C:\Android;C:\WINDOWS\system32;C:\WINDOWS;C:\WINDOWS\System32\Wbem;C:\WINDOWS\System32\WindowsPowerShell\v1.0;C:\WINDOWS\System32\OpenSSH;C:\Program Files (x86)\Brackets\command;C:\Program Files\JetBrains\PyCharm Community Edition 2019.2.1\bin;C:\Users\Alex\AppData\Roaming\Dashlane\6.1935.0.22811\bin\Firefox_Extension\{442718d9-475e-452a-b3e1-fb1ee16b8e9f}\components;C:\Users\Alex\AppData\Roaming\Dashlane\6.1935.0.22811\ucrt;C:\Users\Alex\AppData\Roaming\Dashlane\6.1935.0.22811\bin\Qt;C:\Users\Alex\AppData\Roaming\Dashlane\6.1935.0.22811\ucrt;C:\Users\Alex\AppData\Roaming\Dashlane\6.1935.0.22811\bin\Ssl;C:\Users\Alex\AppData\Local\Microsoft\WindowsApps;C:\Program Files\PuTTY;C:\Program Files\Java\jdk1.8.0_281\bin;C:\Users\Alex\Desktop\maven\apache-maven-3.6.3\bin;F:\Git\cmd;C:\Program Files\WorldPainter;C:\Program Files (x86)\NVIDIA Corporation\PhysX\Common;C:\Program Files\NVIDIA Corporation\NVIDIA NvDLISR;C:\Program Files\JetBrains\PyCharm Community Edition 2019.2.1\bin;C:\Users\Alex\AppData\Roaming\Dashlane\6.1935.0.22811\bin\Firefox_Extension\{442718d9-475e-452a-b3e1-fb1ee16b8e9f}\components;C:\Users\Alex\AppData\Roaming\Dashlane\6.1935.0.22811\ucrt;C:\Users\Alex\AppData\Roaming\Dashlane\6.1935.0.22811\bin\Qt;C:\Users\Alex\AppData\Roaming\Dashlane\6.1935.0.22811\ucrt;C:\Users\Alex\AppData\Roaming\Dashlane\6.1935.0.22811\bin\Ssl;C:\Users\Alex\AppData\Local\Microsoft\WindowsApps;D:\Users\Alex\Microsoft VS Code\bin
USERNAME=Alex
DISPLAY=:0.0
OS=Windows_NT
PROCESSOR_IDENTIFIER=Intel64 Family 6 Model 60 Stepping 3, GenuineIntel



---------------  S Y S T E M  ---------------

OS: Windows 10 , 64 bit Build 18362 (10.0.18362.1350)

CPU:total 8 (initial active 8) (4 cores per cpu, 2 threads per core) family 6 model 60 stepping 3, cmov, cx8, fxsr, mmx, sse, sse2, sse3, ssse3, sse4.1, sse4.2, popcnt, avx, avx2, aes, clmul, erms, lzcnt, ht, tsc, tscinvbit, bmi1, bmi2, fma

Memory: 4k page, system-wide physical 16229M (2963M free)
TotalPageFile size 24421M (AvailPageFile size 76M)
current process WorkingSet (physical memory assigned to process): 10M, peak: 10M
current process commit charge ("private bytes"): 60M, peak: 314M

vm_info: OpenJDK 64-Bit Server VM (11.0.5+10-b520.38) for windows-amd64 JRE (11.0.5+10-b520.38), built on Jan 23 2020 07:58:32 by "" with MS VC++ 14.0 (VS2015)

END.
